<?xml version="1.0" encoding="UTF-8"?>
<!-- Generated by org.testng.reporters.JUnitXMLReporter -->
<testsuite ignored="0" hostname="apples-MacBook-Air.local" failures="0" tests="6" name="Test" time="0.137" errors="0" timestamp="2024-08-27T12:53:15 IST">
  <testcase classname="Picassoweb.Website" name="@BeforeSuite setup" time="5.527">
    <failure type="org.openqa.selenium.WebDriverException" message="unknown error: net::ERR_NAME_NOT_RESOLVED
  (Session info: chrome=127.0.6533.122)
Build info: version: &amp;apos;4.19.1&amp;apos;, revision: &amp;apos;abe0ee07dc&amp;apos;
System info: os.name: &amp;apos;Mac OS X&amp;apos;, os.arch: &amp;apos;x86_64&amp;apos;, os.version: &amp;apos;12.7.4&amp;apos;, java.version: &amp;apos;21&amp;apos;
Driver info: org.openqa.selenium.chrome.ChromeDriver
Command: [ea23477222c0e156977e9b336fb8f61e, get {url=https://test.sustenos.com/}]
Capabilities {acceptInsecureCerts: false, browserName: chrome, browserVersion: 127.0.6533.122, chrome: {chromedriverVersion: 127.0.6533.119 (bdef6783a05..., userDataDir: /var/folders/42/xlw21rms3nd...}, fedcm:accounts: true, goog:chromeOptions: {debuggerAddress: localhost:57528}, networkConnectionEnabled: false, pageLoadStrategy: normal, platformName: mac, proxy: Proxy(), se:cdp: ws://localhost:57528/devtoo..., se:cdpVersion: 127.0.6533.122, setWindowRect: true, strictFileInteractability: false, timeouts: {implicit: 0, pageLoad: 300000, script: 30000}, unhandledPromptBehavior: dismiss and notify, webauthn:extension:credBlob: true, webauthn:extension:largeBlob: true, webauthn:extension:minPinLength: true, webauthn:extension:prf: true, webauthn:virtualAuthenticators: true}
Session ID: ea23477222c0e156977e9b336fb8f61e">
      <![CDATA[org.openqa.selenium.WebDriverException: unknown error: net::ERR_NAME_NOT_RESOLVED
  (Session info: chrome=127.0.6533.122)
Build info: version: '4.19.1', revision: 'abe0ee07dc'
System info: os.name: 'Mac OS X', os.arch: 'x86_64', os.version: '12.7.4', java.version: '21'
Driver info: org.openqa.selenium.chrome.ChromeDriver
Command: [ea23477222c0e156977e9b336fb8f61e, get {url=https://test.sustenos.com/}]
Capabilities {acceptInsecureCerts: false, browserName: chrome, browserVersion: 127.0.6533.122, chrome: {chromedriverVersion: 127.0.6533.119 (bdef6783a05..., userDataDir: /var/folders/42/xlw21rms3nd...}, fedcm:accounts: true, goog:chromeOptions: {debuggerAddress: localhost:57528}, networkConnectionEnabled: false, pageLoadStrategy: normal, platformName: mac, proxy: Proxy(), se:cdp: ws://localhost:57528/devtoo..., se:cdpVersion: 127.0.6533.122, setWindowRect: true, strictFileInteractability: false, timeouts: {implicit: 0, pageLoad: 300000, script: 30000}, unhandledPromptBehavior: dismiss and notify, webauthn:extension:credBlob: true, webauthn:extension:largeBlob: true, webauthn:extension:minPinLength: true, webauthn:extension:prf: true, webauthn:virtualAuthenticators: true}
Session ID: ea23477222c0e156977e9b336fb8f61e
at org.openqa.selenium.remote.ErrorCodec.decode(ErrorCodec.java:167)
at org.openqa.selenium.remote.codec.w3c.W3CHttpResponseCodec.decode(W3CHttpResponseCodec.java:138)
at org.openqa.selenium.remote.codec.w3c.W3CHttpResponseCodec.decode(W3CHttpResponseCodec.java:50)
at org.openqa.selenium.remote.HttpCommandExecutor.execute(HttpCommandExecutor.java:190)
at org.openqa.selenium.remote.service.DriverCommandExecutor.invokeExecute(DriverCommandExecutor.java:216)
at org.openqa.selenium.remote.service.DriverCommandExecutor.execute(DriverCommandExecutor.java:174)
at org.openqa.selenium.remote.RemoteWebDriver.execute(RemoteWebDriver.java:518)
at org.openqa.selenium.remote.RemoteWebDriver.get(RemoteWebDriver.java:300)
at Picassoweb.Website.setup(Website.java:22)
... Removed 20 stack frames]]>
    </failure>
  </testcase> <!-- @BeforeSuite setup -->
  <testcase classname="Picassoweb.BrokenLinks" name="@BeforeTest setup" time="-1.724743395448E9">
    <skipped/>
  </testcase> <!-- @BeforeTest setup -->
  <testcase classname="Picassoweb.TopNavigation" name="@AfterClass closebrowser" time="-1.724743395532E9">
    <skipped/>
  </testcase> <!-- @AfterClass closebrowser -->
  <testcase classname="Picassoweb.CreateProject" name="Signin" time="0.0">
    <skipped/>
  </testcase> <!-- Signin -->
  <testcase classname="Picassoweb.Website" name="Topnavigationvalidation" time="0.0">
    <skipped/>
  </testcase> <!-- Topnavigationvalidation -->
  <testcase classname="Picassoweb.BrokenLinks" name="totalink" time="0.0">
    <skipped/>
  </testcase> <!-- totalink -->
  <testcase classname="Picassoweb.TopNavigation" name="topnav" time="0.0">
    <skipped/>
  </testcase> <!-- topnav -->
  <testcase classname="Picassoweb.BrokenLinks" name="totalcount" time="0.0">
    <skipped/>
  </testcase> <!-- totalcount -->
  <testcase classname="Picassoweb.AcreAndCents" name="acrecents" time="0.0">
    <skipped/>
  </testcase> <!-- acrecents -->
</testsuite> <!-- Test -->
